<?xml version="1.0" encoding="UTF-8"?>
<!-- Generated by org.testng.reporters.JUnitReportReporter -->
<testsuite hostname="LAPTOP-5BS2B6EL" failures="0" tests="1" name="testCases.AuctionAsset" time="36.759" errors="0" timestamp="2022-01-31T19:09:23 IST" skipped="0">
  <testcase classname="testCases.AuctionAsset" name="f" time="36.759"/>
  <system-out/>
</testsuite> <!-- testCases.AuctionAsset -->
