<?xml version="1.0" encoding="UTF-8"?>
<!-- Generated by org.testng.reporters.JUnitReportReporter -->
<testsuite hostname="LAPTOP-5BS2B6EL" failures="0" tests="2" name="testCases.NewTest" time="0.005" errors="0" timestamp="2022-01-05T14:05:05 IST" skipped="0">
  <testcase classname="testCases.NewTest" name="f" time="0.004"/>
  <system-out/>
  <testcase classname="testCases.NewTest" name="g" time="0.001"/>
  <system-out/>
</testsuite> <!-- testCases.NewTest -->
