<?xml version="1.0" encoding="UTF-8"?>
<!-- Generated by org.testng.reporters.JUnitReportReporter -->
<testsuite hostname="LAPTOP-5BS2B6EL" failures="0" tests="1" name="testCases.ConsumerAppLogin" time="0.008" errors="0" timestamp="2022-01-05T13:45:42 IST" skipped="0">
  <testcase classname="testCases.ConsumerAppLogin" name="f" time="0.008"/>
  <system-out/>
</testsuite> <!-- testCases.ConsumerAppLogin -->
