<?xml version="1.0" encoding="UTF-8"?>
<!-- Generated by org.testng.reporters.JUnitReportReporter -->
<testsuite hostname="LAPTOP-5BS2B6EL" failures="0" tests="3" name="testCases.TestCase1" time="161.323" errors="0" timestamp="2021-05-27T16:28:13 IST" skipped="0">
  <testcase classname="testCases.TestCase1" name="f" time="55.881"/>
  <system-out/>
  <testcase classname="testCases.TestCase1" name="f" time="53.018"/>
  <system-out/>
  <testcase classname="testCases.TestCase1" name="f" time="52.424"/>
  <system-out/>
</testsuite> <!-- testCases.TestCase1 -->
