<?xml version="1.0" encoding="UTF-8"?>
<!-- Generated by org.testng.reporters.JUnitReportReporter -->
<testsuite hostname="LAPTOP-5BS2B6EL" failures="0" tests="1" name="testCases.BottomAndTopMenu" time="0.109" errors="0" timestamp="2022-01-20T12:40:34 IST" skipped="0">
  <testcase classname="testCases.BottomAndTopMenu" name="f" time="0.109"/>
  <system-out/>
</testsuite> <!-- testCases.BottomAndTopMenu -->
