<?xml version="1.0" encoding="UTF-8"?>
<!-- Generated by org.testng.reporters.JUnitReportReporter -->
<testsuite hostname="LAPTOP-5BS2B6EL" failures="0" tests="2" name="testCases.API" time="6.450" errors="0" timestamp="2021-08-24T18:47:45 IST" skipped="1">
  <testcase classname="testCases.API" name="f" time="6.450"/>
  <system-out/>
  <testcase classname="testCases.API" name="g">
    <skipped/>
  </testcase> <!-- g -->
  <system-out/>
</testsuite> <!-- testCases.API -->
