<?xml version="1.0" encoding="UTF-8"?>
<!-- Generated by org.testng.reporters.JUnitReportReporter -->
<testsuite hostname="LAPTOP-5BS2B6EL" failures="0" tests="1" name="testCases.FixedPriceAsset" time="93.859" errors="0" timestamp="2022-01-31T16:01:34 IST" skipped="0">
  <testcase classname="testCases.FixedPriceAsset" name="f" time="93.859"/>
  <system-out/>
</testsuite> <!-- testCases.FixedPriceAsset -->
